This file contains any messages produced by compilers while
running configure, to aid debugging if configure makes a mistake.

It was created by configure, which was
generated by GNU Autoconf 2.64.  Invocation command line was

  $ /Users/queenellie/Documents/Fall2022/CS225/finalProj/gdb-7.11/zlib/configure --srcdir=.././zlib --cache-file=./config.cache --program-transform-name=s,y,y, --disable-option-checking --build=arm-apple-darwin21.4.0 --host=arm-apple-darwin21.4.0 --target=arm-apple-darwin21.4.0

## --------- ##
## Platform. ##
## --------- ##

hostname = Elisas-MacBook-Pro.local
uname -m = arm64
uname -r = 21.4.0
uname -s = Darwin
uname -v = Darwin Kernel Version 21.4.0: Mon Feb 21 20:35:58 PST 2022; root:xnu-8020.101.4~2/RELEASE_ARM64_T6000

/usr/bin/uname -p = arm
/bin/uname -X     = unknown

/bin/arch              = unknown
/usr/bin/arch -k       = unknown
/usr/convex/getsysinfo = unknown
/usr/bin/hostinfo      = Mach kernel version:
	 Darwin Kernel Version 21.4.0: Mon Feb 21 20:35:58 PST 2022; root:xnu-8020.101.4~2/RELEASE_ARM64_T6000
Kernel configured for up to 10 processors.
10 processors are physically available.
10 processors are logically available.
Processor type: arm64e (ARM64E)
Processors active: 0 1 2 3 4 5 6 7 8 9
Primary memory available: 16.00 gigabytes
Default processor set: 559 tasks, 5594 threads, 10 processors
Load average: 15.93, Mach factor: 1.78
/bin/machine           = unknown
/usr/bin/oslevel       = unknown
/bin/universe          = unknown

PATH: /opt/homebrew/bin
PATH: /opt/homebrew/sbin
PATH: /usr/local/bin
PATH: /usr/bin
PATH: /bin
PATH: /usr/sbin
PATH: /sbin
PATH: /usr/local/go/bin
PATH: /opt/X11/bin
PATH: /opt/homebrew/bin
PATH: /opt/homebrew/sbin
PATH: /usr/local/mysql/bin/
PATH: /usr/local/mysql/bin/


## ----------- ##
## Core tests. ##
## ----------- ##

configure:2107: creating cache ./config.cache
configure:2252: checking build system type
configure:2266: result: arm-apple-darwin21.4.0
configure:2286: checking host system type
configure:2299: result: arm-apple-darwin21.4.0
configure:2319: checking target system type
configure:2332: result: arm-apple-darwin21.4.0
configure:2380: checking for a BSD-compatible install
configure:2448: result: /usr/bin/install -c
configure:2459: checking whether build environment is sane
configure:2509: result: yes
configure:2650: checking for a thread-safe mkdir -p
configure:2689: result: ./../install-sh -c -d
configure:2702: checking for gawk
configure:2729: result: awk
configure:2740: checking whether /Library/Developer/CommandLineTools/usr/bin/make sets $(MAKE)
configure:2762: result: yes
configure:2844: checking whether to enable maintainer-specific portions of Makefiles
configure:2853: result: no
configure:2924: checking for arm-apple-darwin21.4.0-gcc
configure:2951: result: gcc
configure:3220: checking for C compiler version
configure:3229: gcc --version >&5
Apple clang version 13.1.6 (clang-1316.0.21.2.5)
Target: arm64-apple-darwin21.4.0
Thread model: posix
InstalledDir: /Library/Developer/CommandLineTools/usr/bin
configure:3240: $? = 0
configure:3229: gcc -v >&5
Apple clang version 13.1.6 (clang-1316.0.21.2.5)
Target: arm64-apple-darwin21.4.0
Thread model: posix
InstalledDir: /Library/Developer/CommandLineTools/usr/bin
configure:3240: $? = 0
configure:3229: gcc -V >&5
clang: error: argument to '-V' is missing (expected 1 value)
clang: error: no input files
configure:3240: $? = 1
configure:3229: gcc -qversion >&5
clang: error: unknown argument '-qversion'; did you mean '--version'?
clang: error: no input files
configure:3240: $? = 1
configure:3256: gcc -o conftest -g -O2     conftest.c  >&5
configure:3259: $? = 0
configure:3288: checking for C compiler default output file name
configure:3310: gcc -g -O2     conftest.c  >&5
configure:3314: $? = 0
configure:3351: result: a.out
configure:3367: checking whether the C compiler works
configure:3376: ./a.out
configure:3380: $? = 0
configure:3395: result: yes
configure:3402: checking whether we are cross compiling
configure:3404: result: no
configure:3407: checking for suffix of executables
configure:3414: gcc -o conftest -g -O2     conftest.c  >&5
configure:3418: $? = 0
configure:3440: result: 
configure:3447: checking for suffix of object files
configure:3469: gcc -c -g -O2  conftest.c >&5
configure:3473: $? = 0
configure:3494: result: o
configure:3498: checking whether we are using the GNU C compiler
configure:3517: gcc -c -g -O2  conftest.c >&5
configure:3517: $? = 0
configure:3526: result: yes
configure:3535: checking whether gcc accepts -g
configure:3555: gcc -c -g  conftest.c >&5
configure:3555: $? = 0
configure:3596: result: yes
configure:3613: checking for gcc option to accept ISO C89
configure:3677: gcc  -c -g -O2  conftest.c >&5
configure:3677: $? = 0
configure:3690: result: none needed
configure:3721: checking for style of include used by /Library/Developer/CommandLineTools/usr/bin/make
configure:3749: result: GNU
configure:3775: checking dependency style of gcc
configure:3886: result: gcc3
configure:3951: checking how to print strings
configure:3978: result: printf
configure:3999: checking for a sed that does not truncate output
configure:4063: result: /usr/bin/sed
configure:4081: checking for grep that handles long lines and -e
configure:4139: result: /usr/bin/grep
configure:4144: checking for egrep
configure:4206: result: /usr/bin/grep -E
configure:4211: checking for fgrep
configure:4273: result: /usr/bin/grep -F
configure:4308: checking for ld used by gcc
configure:4375: result: /Library/Developer/CommandLineTools/usr/bin/ld
configure:4382: checking if the linker (/Library/Developer/CommandLineTools/usr/bin/ld) is GNU ld
configure:4397: result: no
configure:4409: checking for BSD- or MS-compatible name lister (nm)
configure:4458: result: nm
configure:4588: checking the name lister (nm) interface
configure:4595: gcc -c -g -O2  conftest.c >&5
configure:4598: nm "conftest.o"
configure:4601: output
0000000000000240 S _some_variable
0000000000000000 t ltmp0
0000000000000240 s ltmp1
configure:4608: result: BSD nm
configure:4611: checking whether ln -s works
configure:4615: result: yes
configure:4623: checking the maximum length of command line arguments
configure:4748: result: 786432
configure:4765: checking whether the shell understands some XSI constructs
configure:4775: result: yes
configure:4779: checking whether the shell understands "+="
configure:4785: result: yes
configure:4820: checking for /Library/Developer/CommandLineTools/usr/bin/ld option to reload object files
configure:4827: result: -r
configure:4856: checking for arm-apple-darwin21.4.0-objdump
configure:4883: result: objdump
configure:4955: checking how to recognize dependent libraries
configure:5156: result: pass_all
configure:5176: checking for arm-apple-darwin21.4.0-ar
configure:5203: result: ar
configure:5281: checking for arm-apple-darwin21.4.0-strip
configure:5311: result: no
configure:5321: checking for strip
configure:5337: found /usr/bin/strip
configure:5348: result: strip
configure:5380: checking for arm-apple-darwin21.4.0-ranlib
configure:5407: result: ranlib
configure:5549: checking command to parse nm output from gcc object
configure:5667: gcc -c -g -O2  conftest.c >&5
configure:5670: $? = 0
configure:5674: nm conftest.o \| sed -n -e 's/^.*[ ]\([ABCDGIRSTW][ABCDGIRSTW]*\)[ ][ ]*\([_A-Za-z][_A-Za-z0-9]*\)$/\1 \2 \2/p' \> conftest.nm
configure:5677: $? = 0
cannot find nm_test_var in conftest.nm
configure:5667: gcc -c -g -O2  conftest.c >&5
configure:5670: $? = 0
configure:5674: nm conftest.o \| sed -n -e 's/^.*[ ]\([ABCDGIRSTW][ABCDGIRSTW]*\)[ ][ ]*_\([_A-Za-z][_A-Za-z0-9]*\)$/\1 _\2 \2/p' \> conftest.nm
configure:5677: $? = 0
configure:5731: gcc -o conftest -g -O2     conftest.c conftstm.o >&5
warning: (arm64)  could not find object file symbol for symbol _main
configure:5734: $? = 0
configure:5772: result: ok
configure:6013: checking for arm-apple-darwin21.4.0-dsymutil
configure:6043: result: no
configure:6053: checking for dsymutil
configure:6069: found /usr/bin/dsymutil
configure:6080: result: dsymutil
configure:6105: checking for arm-apple-darwin21.4.0-nmedit
configure:6135: result: no
configure:6145: checking for nmedit
configure:6161: found /usr/bin/nmedit
configure:6172: result: nmedit
configure:6197: checking for arm-apple-darwin21.4.0-lipo
configure:6227: result: no
configure:6237: checking for lipo
configure:6253: found /usr/bin/lipo
configure:6264: result: lipo
configure:6289: checking for arm-apple-darwin21.4.0-otool
configure:6319: result: no
configure:6329: checking for otool
configure:6345: found /usr/bin/otool
configure:6356: result: otool
configure:6381: checking for arm-apple-darwin21.4.0-otool64
configure:6411: result: no
configure:6421: checking for otool64
configure:6451: result: no
configure:6496: checking for -single_module linker flag
gcc -g -O2    -o libconftest.dylib -dynamiclib -Wl,-single_module conftest.c
configure:6523: result: yes
configure:6525: checking for -exported_symbols_list linker flag
configure:6548: gcc -o conftest -g -O2     -Wl,-exported_symbols_list,conftest.sym conftest.c  >&5
configure:6548: $? = 0
configure:6558: result: yes
configure:6560: checking for -force_load linker flag
gcc -g -O2 -c -o conftest.o conftest.c
ar cru libconftest.a conftest.o
gcc -g -O2    -o conftest conftest.c -Wl,-force_load,./libconftest.a
warning: (arm64)  could not find object file symbol for symbol _forced_loaded
configure:6588: result: no
configure:6630: checking how to run the C preprocessor
configure:6661: gcc -E  conftest.c
configure:6661: $? = 0
configure:6675: gcc -E  conftest.c
conftest.c:11:10: fatal error: 'ac_nonexistent.h' file not found
#include <ac_nonexistent.h>
         ^~~~~~~~~~~~~~~~~~
1 error generated.
configure:6675: $? = 1
configure: failed program was:
| /* confdefs.h */
| #define PACKAGE_NAME ""
| #define PACKAGE_TARNAME ""
| #define PACKAGE_VERSION ""
| #define PACKAGE_STRING ""
| #define PACKAGE_BUGREPORT ""
| #define PACKAGE_URL ""
| #define PACKAGE "zlib"
| #define VERSION "1.1.4"
| /* end confdefs.h.  */
| #include <ac_nonexistent.h>
configure:6700: result: gcc -E
configure:6720: gcc -E  conftest.c
configure:6720: $? = 0
configure:6734: gcc -E  conftest.c
conftest.c:11:10: fatal error: 'ac_nonexistent.h' file not found
#include <ac_nonexistent.h>
         ^~~~~~~~~~~~~~~~~~
1 error generated.
configure:6734: $? = 1
configure: failed program was:
| /* confdefs.h */
| #define PACKAGE_NAME ""
| #define PACKAGE_TARNAME ""
| #define PACKAGE_VERSION ""
| #define PACKAGE_STRING ""
| #define PACKAGE_BUGREPORT ""
| #define PACKAGE_URL ""
| #define PACKAGE "zlib"
| #define VERSION "1.1.4"
| /* end confdefs.h.  */
| #include <ac_nonexistent.h>
configure:6763: checking for ANSI C header files
configure:6783: gcc -c -g -O2  conftest.c >&5
configure:6783: $? = 0
configure:6856: gcc -o conftest -g -O2     conftest.c  >&5
configure:6856: $? = 0
configure:6856: ./conftest
configure:6856: $? = 0
configure:6867: result: yes
configure:6880: checking for sys/types.h
configure:6880: gcc -c -g -O2  conftest.c >&5
configure:6880: $? = 0
configure:6880: result: yes
configure:6880: checking for sys/stat.h
configure:6880: gcc -c -g -O2  conftest.c >&5
configure:6880: $? = 0
configure:6880: result: yes
configure:6880: checking for stdlib.h
configure:6880: gcc -c -g -O2  conftest.c >&5
configure:6880: $? = 0
configure:6880: result: yes
configure:6880: checking for string.h
configure:6880: gcc -c -g -O2  conftest.c >&5
configure:6880: $? = 0
configure:6880: result: yes
configure:6880: checking for memory.h
configure:6880: gcc -c -g -O2  conftest.c >&5
configure:6880: $? = 0
configure:6880: result: yes
configure:6880: checking for strings.h
configure:6880: gcc -c -g -O2  conftest.c >&5
configure:6880: $? = 0
configure:6880: result: yes
configure:6880: checking for inttypes.h
configure:6880: gcc -c -g -O2  conftest.c >&5
configure:6880: $? = 0
configure:6880: result: yes
configure:6880: checking for stdint.h
configure:6880: gcc -c -g -O2  conftest.c >&5
configure:6880: $? = 0
configure:6880: result: yes
configure:6880: checking for unistd.h
configure:6880: gcc -c -g -O2  conftest.c >&5
configure:6880: $? = 0
configure:6880: result: yes
configure:6895: checking for dlfcn.h
configure:6895: gcc -c -g -O2  conftest.c >&5
configure:6895: $? = 0
configure:6895: result: yes
configure:7082: checking for objdir
configure:7097: result: .libs
configure:7368: checking if gcc supports -fno-rtti -fno-exceptions
configure:7386: gcc -c -g -O2  -fno-rtti -fno-exceptions conftest.c >&5
configure:7390: $? = 0
configure:7403: result: yes
configure:7423: checking for gcc option to produce PIC
configure:7709: result: -fno-common -DPIC
configure:7721: checking if gcc PIC flag -fno-common -DPIC works
configure:7739: gcc -c -g -O2  -fno-common -DPIC -DPIC conftest.c >&5
configure:7743: $? = 0
configure:7756: result: yes
configure:7780: checking if gcc static flag -static works
configure:7808: result: no
configure:7823: checking if gcc supports -c -o file.o
configure:7844: gcc -c -g -O2  -o out/conftest2.o conftest.c >&5
configure:7848: $? = 0
configure:7870: result: yes
configure:7878: checking if gcc supports -c -o file.o
configure:7925: result: yes
configure:7958: checking whether the gcc linker (/Library/Developer/CommandLineTools/usr/bin/ld) supports shared libraries
configure:9038: result: yes
configure:9283: checking dynamic linker characteristics
configure:9959: result: darwin21.4.0 dyld
configure:10066: checking how to hardcode library paths into programs
configure:10091: result: immediate
configure:10646: checking whether stripping libraries is possible
configure:10660: result: yes
configure:10686: checking if libtool supports shared libraries
configure:10688: result: yes
configure:10691: checking whether to build shared libraries
configure:10712: result: yes
configure:10715: checking whether to build static libraries
configure:10719: result: yes
configure:10762: checking how to run the C preprocessor
configure:10832: result: gcc -E
configure:10852: gcc -E  conftest.c
configure:10852: $? = 0
configure:10866: gcc -E  conftest.c
conftest.c:23:10: fatal error: 'ac_nonexistent.h' file not found
#include <ac_nonexistent.h>
         ^~~~~~~~~~~~~~~~~~
1 error generated.
configure:10866: $? = 1
configure: failed program was:
| /* confdefs.h */
| #define PACKAGE_NAME ""
| #define PACKAGE_TARNAME ""
| #define PACKAGE_VERSION ""
| #define PACKAGE_STRING ""
| #define PACKAGE_BUGREPORT ""
| #define PACKAGE_URL ""
| #define PACKAGE "zlib"
| #define VERSION "1.1.4"
| #define STDC_HEADERS 1
| #define HAVE_SYS_TYPES_H 1
| #define HAVE_SYS_STAT_H 1
| #define HAVE_STDLIB_H 1
| #define HAVE_STRING_H 1
| #define HAVE_MEMORY_H 1
| #define HAVE_STRINGS_H 1
| #define HAVE_INTTYPES_H 1
| #define HAVE_STDINT_H 1
| #define HAVE_UNISTD_H 1
| #define HAVE_DLFCN_H 1
| #define LT_OBJDIR ".libs/"
| /* end confdefs.h.  */
| #include <ac_nonexistent.h>
configure:10919: checking for stdlib.h
configure:10919: result: yes
configure:10919: checking for unistd.h
configure:10919: result: yes
configure:10932: checking for getpagesize
configure:10932: gcc -o conftest -g -O2     conftest.c  >&5
configure:10932: $? = 0
configure:10932: result: yes
configure:10941: checking for working mmap
configure:11078: gcc -o conftest -g -O2     conftest.c  >&5
configure:11078: $? = 0
configure:11078: ./conftest
configure:11078: $? = 0
configure:11088: result: yes
configure:11101: checking for memcpy
configure:11101: gcc -o conftest -g -O2     conftest.c  >&5
conftest.c:50:6: warning: incompatible redeclaration of library function 'memcpy' [-Wincompatible-library-redeclaration]
char memcpy ();
     ^
conftest.c:50:6: note: 'memcpy' is a builtin with type 'void *(void *, const void *, unsigned long)'
1 warning generated.
configure:11101: $? = 0
configure:11101: result: yes
configure:11101: checking for strerror
configure:11101: gcc -o conftest -g -O2     conftest.c  >&5
conftest.c:51:6: warning: incompatible redeclaration of library function 'strerror' [-Wincompatible-library-redeclaration]
char strerror ();
     ^
conftest.c:51:6: note: 'strerror' is a builtin with type 'char *(int)'
1 warning generated.
configure:11101: $? = 0
configure:11101: result: yes
configure:11167: checking for unistd.h
configure:11167: result: yes
configure:11289: updating cache ./config.cache
configure:11386: creating ./config.status

## ---------------------- ##
## Running config.status. ##
## ---------------------- ##

This file was extended by config.status, which was
generated by GNU Autoconf 2.64.  Invocation command line was

  CONFIG_FILES    = 
  CONFIG_HEADERS  = 
  CONFIG_LINKS    = 
  CONFIG_COMMANDS = 
  $ ./config.status 

on Elisas-MacBook-Pro.local

config.status:1013: creating Makefile
config.status:1176: executing depfiles commands
config.status:1176: executing libtool commands

## ---------------- ##
## Cache variables. ##
## ---------------- ##

ac_cv_build=arm-apple-darwin21.4.0
ac_cv_c_compiler_gnu=yes
ac_cv_env_CPPFLAGS_set=
ac_cv_env_CPPFLAGS_value=
ac_cv_env_CPP_set=
ac_cv_env_CPP_value=
ac_cv_env_build_alias_set=set
ac_cv_env_build_alias_value=arm-apple-darwin21.4.0
ac_cv_env_host_alias_set=set
ac_cv_env_host_alias_value=arm-apple-darwin21.4.0
ac_cv_env_target_alias_set=set
ac_cv_env_target_alias_value=arm-apple-darwin21.4.0
ac_cv_func_getpagesize=yes
ac_cv_func_memcpy=yes
ac_cv_func_mmap_fixed_mapped=yes
ac_cv_func_strerror=yes
ac_cv_header_dlfcn_h=yes
ac_cv_header_inttypes_h=yes
ac_cv_header_memory_h=yes
ac_cv_header_stdc=yes
ac_cv_header_stdint_h=yes
ac_cv_header_stdlib_h=yes
ac_cv_header_string_h=yes
ac_cv_header_strings_h=yes
ac_cv_header_sys_stat_h=yes
ac_cv_header_sys_types_h=yes
ac_cv_header_unistd_h=yes
ac_cv_host=arm-apple-darwin21.4.0
ac_cv_objext=o
ac_cv_path_EGREP='/usr/bin/grep -E'
ac_cv_path_FGREP='/usr/bin/grep -F'
ac_cv_path_GREP=/usr/bin/grep
ac_cv_path_SED=/usr/bin/sed
ac_cv_prog_AR=ar
ac_cv_prog_AWK=awk
ac_cv_prog_CC=gcc
ac_cv_prog_CPP='gcc -E'
ac_cv_prog_OBJDUMP=objdump
ac_cv_prog_RANLIB=ranlib
ac_cv_prog_ac_ct_DSYMUTIL=dsymutil
ac_cv_prog_ac_ct_LIPO=lipo
ac_cv_prog_ac_ct_NMEDIT=nmedit
ac_cv_prog_ac_ct_OTOOL=otool
ac_cv_prog_ac_ct_STRIP=strip
ac_cv_prog_cc_c89=
ac_cv_prog_cc_g=yes
ac_cv_prog_make__Library_Developer_CommandLineTools_usr_bin_make_set=yes
ac_cv_target=arm-apple-darwin21.4.0
am_cv_CC_dependencies_compiler_type=gcc3
lt_cv_apple_cc_single_mod=yes
lt_cv_deplibs_check_method=pass_all
lt_cv_file_magic_cmd='$MAGIC_CMD'
lt_cv_file_magic_test_file=
lt_cv_ld_exported_symbols_list=yes
lt_cv_ld_force_load=no
lt_cv_ld_reload_flag=-r
lt_cv_nm_interface='BSD nm'
lt_cv_objdir=.libs
lt_cv_path_LD=/Library/Developer/CommandLineTools/usr/bin/ld
lt_cv_path_NM=nm
lt_cv_prog_compiler_c_o=yes
lt_cv_prog_compiler_pic_works=yes
lt_cv_prog_compiler_rtti_exceptions=yes
lt_cv_prog_compiler_static_works=no
lt_cv_prog_gnu_ld=no
lt_cv_sys_global_symbol_pipe='sed -n -e '\''s/^.*[	 ]\([ABCDGIRSTW][ABCDGIRSTW]*\)[	 ][	 ]*_\([_A-Za-z][_A-Za-z0-9]*\)$/\1 _\2 \2/p'\'''
lt_cv_sys_global_symbol_to_c_name_address='sed -n -e '\''s/^: \([^ ]*\) $/  {\"\1\", (void *) 0},/p'\'' -e '\''s/^[ABCDGIRSTW]* \([^ ]*\) \([^ ]*\)$/  {"\2", (void *) \&\2},/p'\'''
lt_cv_sys_global_symbol_to_c_name_address_lib_prefix='sed -n -e '\''s/^: \([^ ]*\) $/  {\"\1\", (void *) 0},/p'\'' -e '\''s/^[ABCDGIRSTW]* \([^ ]*\) \(lib[^ ]*\)$/  {"\2", (void *) \&\2},/p'\'' -e '\''s/^[ABCDGIRSTW]* \([^ ]*\) \([^ ]*\)$/  {"lib\2", (void *) \&\2},/p'\'''
lt_cv_sys_global_symbol_to_cdecl='sed -n -e '\''s/^T .* \(.*\)$/extern int \1();/p'\'' -e '\''s/^[ABCDGIRSTW]* .* \(.*\)$/extern char \1;/p'\'''
lt_cv_sys_max_cmd_len=786432

## ----------------- ##
## Output variables. ##
## ----------------- ##

ACLOCAL='${SHELL} /Users/queenellie/Documents/Fall2022/CS225/finalProj/gdb-7.11/missing --run aclocal-1.11'
AMDEPBACKSLASH='\'
AMDEP_FALSE='#'
AMDEP_TRUE=''
AMTAR='$${TAR-tar}'
AR='ar'
AUTOCONF='${SHELL} /Users/queenellie/Documents/Fall2022/CS225/finalProj/gdb-7.11/missing --run autoconf'
AUTOHEADER='${SHELL} /Users/queenellie/Documents/Fall2022/CS225/finalProj/gdb-7.11/missing --run autoheader'
AUTOMAKE='${SHELL} /Users/queenellie/Documents/Fall2022/CS225/finalProj/gdb-7.11/missing --run automake-1.11'
AWK='awk'
CC='gcc'
CCDEPMODE='depmode=gcc3'
CFLAGS='-g -O2'
COMPPATH='.'
CPP='gcc -E'
CPPFLAGS=''
CYGPATH_W='echo'
DEFS='-DPACKAGE_NAME=\"\" -DPACKAGE_TARNAME=\"\" -DPACKAGE_VERSION=\"\" -DPACKAGE_STRING=\"\" -DPACKAGE_BUGREPORT=\"\" -DPACKAGE_URL=\"\" -DPACKAGE=\"zlib\" -DVERSION=\"1.1.4\" -DSTDC_HEADERS=1 -DHAVE_SYS_TYPES_H=1 -DHAVE_SYS_STAT_H=1 -DHAVE_STDLIB_H=1 -DHAVE_STRING_H=1 -DHAVE_MEMORY_H=1 -DHAVE_STRINGS_H=1 -DHAVE_INTTYPES_H=1 -DHAVE_STDINT_H=1 -DHAVE_UNISTD_H=1 -DHAVE_DLFCN_H=1 -DLT_OBJDIR=\".libs/\" -DHAVE_STDLIB_H=1 -DHAVE_UNISTD_H=1 -DHAVE_GETPAGESIZE=1 -DHAVE_MMAP=1 -DHAVE_MEMCPY=1 -DHAVE_STRERROR=1 -DHAVE_UNISTD_H=1'
DEPDIR='.deps'
DSYMUTIL='dsymutil'
DUMPBIN=''
ECHO_C='\c'
ECHO_N=''
ECHO_T=''
EGREP='/usr/bin/grep -E'
EXEEXT=''
FGREP='/usr/bin/grep -F'
GREP='/usr/bin/grep'
INSTALL_DATA='/usr/bin/install -c -m 644'
INSTALL_PROGRAM='/usr/bin/install -c'
INSTALL_SCRIPT='/usr/bin/install -c'
INSTALL_STRIP_PROGRAM='$(install_sh) -c -s'
LD='/Library/Developer/CommandLineTools/usr/bin/ld'
LDFLAGS='  '
LIBOBJS=''
LIBS=''
LIBTOOL='$(SHELL) $(top_builddir)/libtool'
LIPO='lipo'
LN_S='ln -s'
LTLIBOBJS=''
MAINT='#'
MAINTAINER_MODE_FALSE=''
MAINTAINER_MODE_TRUE='#'
MAKEINFO='makeinfo --split-size=5000000'
MKDIR_P='./../install-sh -c -d'
NM='nm'
NMEDIT='nmedit'
OBJDUMP='objdump'
OBJEXT='o'
OTOOL64=':'
OTOOL='otool'
PACKAGE='zlib'
PACKAGE_BUGREPORT=''
PACKAGE_NAME=''
PACKAGE_STRING=''
PACKAGE_TARNAME=''
PACKAGE_URL=''
PACKAGE_VERSION=''
PATH_SEPARATOR=':'
PICFLAG=''
RANLIB='ranlib'
SED='/usr/bin/sed'
SET_MAKE=''
SHELL='/bin/sh'
STRIP='strip'
TARGET_LIBRARY_FALSE=''
TARGET_LIBRARY_TRUE='#'
VERSION='1.1.4'
ac_ct_CC=''
ac_ct_DUMPBIN=''
am__EXEEXT_FALSE=''
am__EXEEXT_TRUE='#'
am__fastdepCC_FALSE='#'
am__fastdepCC_TRUE=''
am__include='include'
am__isrc=''
am__leading_dot='.'
am__nodep='_no'
am__quote=''
am__tar='$${TAR-tar} chof - "$$tardir"'
am__untar='$${TAR-tar} xf -'
bindir='${exec_prefix}/bin'
build='arm-apple-darwin21.4.0'
build_alias='arm-apple-darwin21.4.0'
build_cpu='arm'
build_os='darwin21.4.0'
build_vendor='apple'
datadir='${datarootdir}'
datarootdir='${prefix}/share'
docdir='${datarootdir}/doc/${PACKAGE}'
dvidir='${docdir}'
exec_prefix='${prefix}'
host='arm-apple-darwin21.4.0'
host_alias='arm-apple-darwin21.4.0'
host_cpu='arm'
host_os='darwin21.4.0'
host_vendor='apple'
htmldir='${docdir}'
includedir='${prefix}/include'
infodir='${datarootdir}/info'
install_sh='${SHELL} /Users/queenellie/Documents/Fall2022/CS225/finalProj/gdb-7.11/install-sh'
libdir='${exec_prefix}/lib'
libexecdir='${exec_prefix}/libexec'
localedir='${datarootdir}/locale'
localstatedir='${prefix}/var'
mandir='${datarootdir}/man'
mkdir_p='$(top_builddir)/./../install-sh -c -d'
mkinstalldirs='/Users/queenellie/Documents/Fall2022/CS225/finalProj/gdb-7.11/mkinstalldirs'
multi_basedir=''
oldincludedir='/usr/include'
pdfdir='${docdir}'
prefix='/usr/local'
program_transform_name='s,y,y,'
psdir='${docdir}'
sbindir='${exec_prefix}/sbin'
sharedstatedir='${prefix}/com'
sysconfdir='${prefix}/etc'
target='arm-apple-darwin21.4.0'
target_alias='arm-apple-darwin21.4.0'
target_all='libzgcj.la'
target_cpu='arm'
target_os='darwin21.4.0'
target_vendor='apple'
toolexecdir='$(libdir)/gcc-lib/$(target_alias)'
toolexeclibdir='$(libdir)'

## ----------- ##
## confdefs.h. ##
## ----------- ##

/* confdefs.h */
#define PACKAGE_NAME ""
#define PACKAGE_TARNAME ""
#define PACKAGE_VERSION ""
#define PACKAGE_STRING ""
#define PACKAGE_BUGREPORT ""
#define PACKAGE_URL ""
#define PACKAGE "zlib"
#define VERSION "1.1.4"
#define STDC_HEADERS 1
#define HAVE_SYS_TYPES_H 1
#define HAVE_SYS_STAT_H 1
#define HAVE_STDLIB_H 1
#define HAVE_STRING_H 1
#define HAVE_MEMORY_H 1
#define HAVE_STRINGS_H 1
#define HAVE_INTTYPES_H 1
#define HAVE_STDINT_H 1
#define HAVE_UNISTD_H 1
#define HAVE_DLFCN_H 1
#define LT_OBJDIR ".libs/"
#define HAVE_STDLIB_H 1
#define HAVE_UNISTD_H 1
#define HAVE_GETPAGESIZE 1
#define HAVE_MMAP 1
#define HAVE_MEMCPY 1
#define HAVE_STRERROR 1
#define HAVE_UNISTD_H 1

configure: exit 0
