This file contains any messages produced by compilers while
running configure, to aid debugging if configure makes a mistake.

It was created by libdecnumber configure  , which was
generated by GNU Autoconf 2.64.  Invocation command line was

  $ /Users/queenellie/Documents/Fall2022/CS225/finalProj/gdb-7.11/libdecnumber/configure --srcdir=.././libdecnumber --cache-file=./config.cache --program-transform-name=s,y,y, --disable-option-checking --build=arm-apple-darwin21.4.0 --host=arm-apple-darwin21.4.0 --target=arm-apple-darwin21.4.0

## --------- ##
## Platform. ##
## --------- ##

hostname = Elisas-MacBook-Pro.local
uname -m = arm64
uname -r = 21.4.0
uname -s = Darwin
uname -v = Darwin Kernel Version 21.4.0: Mon Feb 21 20:35:58 PST 2022; root:xnu-8020.101.4~2/RELEASE_ARM64_T6000

/usr/bin/uname -p = arm
/bin/uname -X     = unknown

/bin/arch              = unknown
/usr/bin/arch -k       = unknown
/usr/convex/getsysinfo = unknown
/usr/bin/hostinfo      = Mach kernel version:
	 Darwin Kernel Version 21.4.0: Mon Feb 21 20:35:58 PST 2022; root:xnu-8020.101.4~2/RELEASE_ARM64_T6000
Kernel configured for up to 10 processors.
10 processors are physically available.
10 processors are logically available.
Processor type: arm64e (ARM64E)
Processors active: 0 1 2 3 4 5 6 7 8 9
Primary memory available: 16.00 gigabytes
Default processor set: 540 tasks, 5604 threads, 10 processors
Load average: 19.26, Mach factor: 0.76
/bin/machine           = unknown
/usr/bin/oslevel       = unknown
/bin/universe          = unknown

PATH: /opt/homebrew/bin
PATH: /opt/homebrew/sbin
PATH: /usr/local/bin
PATH: /usr/bin
PATH: /bin
PATH: /usr/sbin
PATH: /sbin
PATH: /usr/local/go/bin
PATH: /opt/X11/bin
PATH: /opt/homebrew/bin
PATH: /opt/homebrew/sbin
PATH: /usr/local/mysql/bin/
PATH: /usr/local/mysql/bin/


## ----------- ##
## Core tests. ##
## ----------- ##

configure:2148: creating cache ./config.cache
configure:2251: checking whether /Library/Developer/CommandLineTools/usr/bin/make sets $(MAKE)
configure:2273: result: yes
configure:2290: checking for arm-apple-darwin21.4.0-gcc
configure:2317: result: gcc
configure:2586: checking for C compiler version
configure:2595: gcc --version >&5
Apple clang version 13.1.6 (clang-1316.0.21.2.5)
Target: arm64-apple-darwin21.4.0
Thread model: posix
InstalledDir: /Library/Developer/CommandLineTools/usr/bin
configure:2606: $? = 0
configure:2595: gcc -v >&5
Apple clang version 13.1.6 (clang-1316.0.21.2.5)
Target: arm64-apple-darwin21.4.0
Thread model: posix
InstalledDir: /Library/Developer/CommandLineTools/usr/bin
configure:2606: $? = 0
configure:2595: gcc -V >&5
clang: error: argument to '-V' is missing (expected 1 value)
clang: error: no input files
configure:2606: $? = 1
configure:2595: gcc -qversion >&5
clang: error: unknown argument '-qversion'; did you mean '--version'?
clang: error: no input files
configure:2606: $? = 1
configure:2626: checking for C compiler default output file name
configure:2648: gcc -g -O2     conftest.c  >&5
configure:2652: $? = 0
configure:2689: result: a.out
configure:2705: checking whether the C compiler works
configure:2714: ./a.out
configure:2718: $? = 0
configure:2733: result: yes
configure:2740: checking whether we are cross compiling
configure:2742: result: no
configure:2745: checking for suffix of executables
configure:2752: gcc -o conftest -g -O2     conftest.c  >&5
configure:2756: $? = 0
configure:2778: result: 
configure:2784: checking for suffix of object files
configure:2806: gcc -c -g -O2  conftest.c >&5
configure:2810: $? = 0
configure:2831: result: o
configure:2835: checking whether we are using the GNU C compiler
configure:2854: gcc -c -g -O2  conftest.c >&5
configure:2854: $? = 0
configure:2863: result: yes
configure:2872: checking whether gcc accepts -g
configure:2892: gcc -c -g  conftest.c >&5
configure:2892: $? = 0
configure:2933: result: yes
configure:2950: checking for gcc option to accept ISO C89
configure:3014: gcc  -c -g -O2  conftest.c >&5
configure:3014: $? = 0
configure:3027: result: none needed
configure:3050: checking for arm-apple-darwin21.4.0-ranlib
configure:3077: result: ranlib
configure:3145: checking for aclocal
configure:3175: result: no
configure:3188: checking for autoconf
configure:3218: result: no
configure:3231: checking for autoheader
configure:3261: result: no
configure:3294: checking whether gcc supports -W
configure:3311: gcc -c -W  conftest.c >&5
configure:3311: $? = 0
configure:3320: result: yes
configure:3294: checking whether gcc supports -Wall
configure:3311: gcc -c -Wall  conftest.c >&5
configure:3311: $? = 0
configure:3320: result: yes
configure:3294: checking whether gcc supports -Wwrite-strings
configure:3311: gcc -c -Wwrite-strings  conftest.c >&5
configure:3311: $? = 0
configure:3320: result: yes
configure:3294: checking whether gcc supports -Wstrict-prototypes
configure:3311: gcc -c -Wstrict-prototypes  conftest.c >&5
configure:3311: $? = 0
configure:3320: result: yes
configure:3294: checking whether gcc supports -Wmissing-prototypes
configure:3311: gcc -c -Wmissing-prototypes  conftest.c >&5
configure:3311: $? = 0
configure:3320: result: yes
configure:3294: checking whether gcc supports -Wold-style-definition
configure:3311: gcc -c -Wold-style-definition  conftest.c >&5
configure:3311: $? = 0
configure:3320: result: yes
configure:3294: checking whether gcc supports -Wmissing-format-attribute
configure:3311: gcc -c -Wmissing-format-attribute  conftest.c >&5
configure:3311: $? = 0
configure:3320: result: yes
configure:3294: checking whether gcc supports -Wcast-qual
configure:3311: gcc -c -Wcast-qual  conftest.c >&5
configure:3311: $? = 0
configure:3320: result: yes
configure:3344: checking whether gcc supports -pedantic -Wlong-long
configure:3362: gcc -c -pedantic -Wlong-long  conftest.c >&5
configure:3362: $? = 0
configure:3370: result: yes
configure:3419: checking how to run the C preprocessor
configure:3450: gcc -E  conftest.c
configure:3450: $? = 0
configure:3464: gcc -E  conftest.c
conftest.c:9:10: fatal error: 'ac_nonexistent.h' file not found
#include <ac_nonexistent.h>
         ^~~~~~~~~~~~~~~~~~
1 error generated.
configure:3464: $? = 1
configure: failed program was:
| /* confdefs.h */
| #define PACKAGE_NAME "libdecnumber"
| #define PACKAGE_TARNAME "libdecnumber"
| #define PACKAGE_VERSION " "
| #define PACKAGE_STRING "libdecnumber  "
| #define PACKAGE_BUGREPORT "gcc-bugs@gcc.gnu.org"
| #define PACKAGE_URL ""
| /* end confdefs.h.  */
| #include <ac_nonexistent.h>
configure:3489: result: gcc -E
configure:3509: gcc -E  conftest.c
configure:3509: $? = 0
configure:3523: gcc -E  conftest.c
conftest.c:9:10: fatal error: 'ac_nonexistent.h' file not found
#include <ac_nonexistent.h>
         ^~~~~~~~~~~~~~~~~~
1 error generated.
configure:3523: $? = 1
configure: failed program was:
| /* confdefs.h */
| #define PACKAGE_NAME "libdecnumber"
| #define PACKAGE_TARNAME "libdecnumber"
| #define PACKAGE_VERSION " "
| #define PACKAGE_STRING "libdecnumber  "
| #define PACKAGE_BUGREPORT "gcc-bugs@gcc.gnu.org"
| #define PACKAGE_URL ""
| /* end confdefs.h.  */
| #include <ac_nonexistent.h>
configure:3552: checking for grep that handles long lines and -e
configure:3610: result: /usr/bin/grep
configure:3615: checking for egrep
configure:3677: result: /usr/bin/grep -E
configure:3682: checking for ANSI C header files
configure:3702: gcc -c -g -O2  conftest.c >&5
configure:3702: $? = 0
configure:3775: gcc -o conftest -g -O2     conftest.c  >&5
configure:3775: $? = 0
configure:3775: ./conftest
configure:3775: $? = 0
configure:3786: result: yes
configure:3799: checking for sys/types.h
configure:3799: gcc -c -g -O2  conftest.c >&5
configure:3799: $? = 0
configure:3799: result: yes
configure:3799: checking for sys/stat.h
configure:3799: gcc -c -g -O2  conftest.c >&5
configure:3799: $? = 0
configure:3799: result: yes
configure:3799: checking for stdlib.h
configure:3799: gcc -c -g -O2  conftest.c >&5
configure:3799: $? = 0
configure:3799: result: yes
configure:3799: checking for string.h
configure:3799: gcc -c -g -O2  conftest.c >&5
configure:3799: $? = 0
configure:3799: result: yes
configure:3799: checking for memory.h
configure:3799: gcc -c -g -O2  conftest.c >&5
configure:3799: $? = 0
configure:3799: result: yes
configure:3799: checking for strings.h
configure:3799: gcc -c -g -O2  conftest.c >&5
configure:3799: $? = 0
configure:3799: result: yes
configure:3799: checking for inttypes.h
configure:3799: gcc -c -g -O2  conftest.c >&5
configure:3799: $? = 0
configure:3799: result: yes
configure:3799: checking for stdint.h
configure:3799: gcc -c -g -O2  conftest.c >&5
configure:3799: $? = 0
configure:3799: result: yes
configure:3799: checking for unistd.h
configure:3799: gcc -c -g -O2  conftest.c >&5
configure:3799: $? = 0
configure:3799: result: yes
configure:3815: checking ctype.h usability
configure:3815: gcc -c -g -O2  conftest.c >&5
configure:3815: $? = 0
configure:3815: result: yes
configure:3815: checking ctype.h presence
configure:3815: gcc -E  conftest.c
configure:3815: $? = 0
configure:3815: result: yes
configure:3815: checking for ctype.h
configure:3815: result: yes
configure:3815: checking stddef.h usability
configure:3815: gcc -c -g -O2  conftest.c >&5
configure:3815: $? = 0
configure:3815: result: yes
configure:3815: checking stddef.h presence
configure:3815: gcc -E  conftest.c
configure:3815: $? = 0
configure:3815: result: yes
configure:3815: checking for stddef.h
configure:3815: result: yes
configure:3815: checking for string.h
configure:3815: result: yes
configure:3815: checking stdio.h usability
configure:3815: gcc -c -g -O2  conftest.c >&5
configure:3815: $? = 0
configure:3815: result: yes
configure:3815: checking stdio.h presence
configure:3815: gcc -E  conftest.c
configure:3815: $? = 0
configure:3815: result: yes
configure:3815: checking for stdio.h
configure:3815: result: yes
configure:3839: checking for uintmax_t
configure:3839: gcc -c -g -O2  conftest.c >&5
configure:3839: $? = 0
configure:3839: gcc -c -g -O2  conftest.c >&5
conftest.c:29:24: error: expected expression
if (sizeof ((uintmax_t)))
                       ^
1 error generated.
configure:3839: $? = 1
configure: failed program was:
| /* confdefs.h */
| #define PACKAGE_NAME "libdecnumber"
| #define PACKAGE_TARNAME "libdecnumber"
| #define PACKAGE_VERSION " "
| #define PACKAGE_STRING "libdecnumber  "
| #define PACKAGE_BUGREPORT "gcc-bugs@gcc.gnu.org"
| #define PACKAGE_URL ""
| #define STDC_HEADERS 1
| #define HAVE_SYS_TYPES_H 1
| #define HAVE_SYS_STAT_H 1
| #define HAVE_STDLIB_H 1
| #define HAVE_STRING_H 1
| #define HAVE_MEMORY_H 1
| #define HAVE_STRINGS_H 1
| #define HAVE_INTTYPES_H 1
| #define HAVE_STDINT_H 1
| #define HAVE_UNISTD_H 1
| #define HAVE_CTYPE_H 1
| #define HAVE_STDDEF_H 1
| #define HAVE_STRING_H 1
| #define HAVE_STDIO_H 1
| /* end confdefs.h.  */
| #include <sys/types.h>
| #include <stdint.h>
| 
| int
| main ()
| {
| if (sizeof ((uintmax_t)))
| 	    return 0;
|   ;
|   return 0;
| }
configure:3839: result: yes
configure:3848: checking for uintptr_t
configure:3848: gcc -c -g -O2  conftest.c >&5
configure:3848: $? = 0
configure:3848: gcc -c -g -O2  conftest.c >&5
conftest.c:29:24: error: expected expression
if (sizeof ((uintptr_t)))
                       ^
1 error generated.
configure:3848: $? = 1
configure: failed program was:
| /* confdefs.h */
| #define PACKAGE_NAME "libdecnumber"
| #define PACKAGE_TARNAME "libdecnumber"
| #define PACKAGE_VERSION " "
| #define PACKAGE_STRING "libdecnumber  "
| #define PACKAGE_BUGREPORT "gcc-bugs@gcc.gnu.org"
| #define PACKAGE_URL ""
| #define STDC_HEADERS 1
| #define HAVE_SYS_TYPES_H 1
| #define HAVE_SYS_STAT_H 1
| #define HAVE_STDLIB_H 1
| #define HAVE_STRING_H 1
| #define HAVE_MEMORY_H 1
| #define HAVE_STRINGS_H 1
| #define HAVE_INTTYPES_H 1
| #define HAVE_STDINT_H 1
| #define HAVE_UNISTD_H 1
| #define HAVE_CTYPE_H 1
| #define HAVE_STDDEF_H 1
| #define HAVE_STRING_H 1
| #define HAVE_STDIO_H 1
| /* end confdefs.h.  */
| #include <sys/types.h>
| #include <stdint.h>
| 
| int
| main ()
| {
| if (sizeof ((uintptr_t)))
| 	    return 0;
|   ;
|   return 0;
| }
configure:3848: result: yes
configure:3857: checking for int_least32_t
configure:3857: gcc -c -g -O2  conftest.c >&5
configure:3857: $? = 0
configure:3857: gcc -c -g -O2  conftest.c >&5
conftest.c:29:28: error: expected expression
if (sizeof ((int_least32_t)))
                           ^
1 error generated.
configure:3857: $? = 1
configure: failed program was:
| /* confdefs.h */
| #define PACKAGE_NAME "libdecnumber"
| #define PACKAGE_TARNAME "libdecnumber"
| #define PACKAGE_VERSION " "
| #define PACKAGE_STRING "libdecnumber  "
| #define PACKAGE_BUGREPORT "gcc-bugs@gcc.gnu.org"
| #define PACKAGE_URL ""
| #define STDC_HEADERS 1
| #define HAVE_SYS_TYPES_H 1
| #define HAVE_SYS_STAT_H 1
| #define HAVE_STDLIB_H 1
| #define HAVE_STRING_H 1
| #define HAVE_MEMORY_H 1
| #define HAVE_STRINGS_H 1
| #define HAVE_INTTYPES_H 1
| #define HAVE_STDINT_H 1
| #define HAVE_UNISTD_H 1
| #define HAVE_CTYPE_H 1
| #define HAVE_STDDEF_H 1
| #define HAVE_STRING_H 1
| #define HAVE_STDIO_H 1
| /* end confdefs.h.  */
| #include <sys/types.h>
| #include <stdint.h>
| 
| int
| main ()
| {
| if (sizeof ((int_least32_t)))
| 	    return 0;
|   ;
|   return 0;
| }
configure:3857: result: yes
configure:3866: checking for int_fast32_t
configure:3866: gcc -c -g -O2  conftest.c >&5
configure:3866: $? = 0
configure:3866: gcc -c -g -O2  conftest.c >&5
conftest.c:29:27: error: expected expression
if (sizeof ((int_fast32_t)))
                          ^
1 error generated.
configure:3866: $? = 1
configure: failed program was:
| /* confdefs.h */
| #define PACKAGE_NAME "libdecnumber"
| #define PACKAGE_TARNAME "libdecnumber"
| #define PACKAGE_VERSION " "
| #define PACKAGE_STRING "libdecnumber  "
| #define PACKAGE_BUGREPORT "gcc-bugs@gcc.gnu.org"
| #define PACKAGE_URL ""
| #define STDC_HEADERS 1
| #define HAVE_SYS_TYPES_H 1
| #define HAVE_SYS_STAT_H 1
| #define HAVE_STDLIB_H 1
| #define HAVE_STRING_H 1
| #define HAVE_MEMORY_H 1
| #define HAVE_STRINGS_H 1
| #define HAVE_INTTYPES_H 1
| #define HAVE_STDINT_H 1
| #define HAVE_UNISTD_H 1
| #define HAVE_CTYPE_H 1
| #define HAVE_STDDEF_H 1
| #define HAVE_STRING_H 1
| #define HAVE_STDIO_H 1
| /* end confdefs.h.  */
| #include <sys/types.h>
| #include <stdint.h>
| 
| int
| main ()
| {
| if (sizeof ((int_fast32_t)))
| 	    return 0;
|   ;
|   return 0;
| }
configure:3866: result: yes
configure:3875: checking for uint64_t
configure:3875: gcc -c -g -O2  conftest.c >&5
configure:3875: $? = 0
configure:3875: gcc -c -g -O2  conftest.c >&5
conftest.c:29:23: error: expected expression
if (sizeof ((uint64_t)))
                      ^
1 error generated.
configure:3875: $? = 1
configure: failed program was:
| /* confdefs.h */
| #define PACKAGE_NAME "libdecnumber"
| #define PACKAGE_TARNAME "libdecnumber"
| #define PACKAGE_VERSION " "
| #define PACKAGE_STRING "libdecnumber  "
| #define PACKAGE_BUGREPORT "gcc-bugs@gcc.gnu.org"
| #define PACKAGE_URL ""
| #define STDC_HEADERS 1
| #define HAVE_SYS_TYPES_H 1
| #define HAVE_SYS_STAT_H 1
| #define HAVE_STDLIB_H 1
| #define HAVE_STRING_H 1
| #define HAVE_MEMORY_H 1
| #define HAVE_STRINGS_H 1
| #define HAVE_INTTYPES_H 1
| #define HAVE_STDINT_H 1
| #define HAVE_UNISTD_H 1
| #define HAVE_CTYPE_H 1
| #define HAVE_STDDEF_H 1
| #define HAVE_STRING_H 1
| #define HAVE_STDIO_H 1
| /* end confdefs.h.  */
| #include <sys/types.h>
| #include <stdint.h>
| 
| int
| main ()
| {
| if (sizeof ((uint64_t)))
| 	    return 0;
|   ;
|   return 0;
| }
configure:3875: result: yes
configure:3956: checking what to include in gstdint.h
configure:3984: result: stdint.h (already complete)
configure:4234: checking for an ANSI C-conforming const
configure:4299: gcc -c -g -O2  conftest.c >&5
configure:4299: $? = 0
configure:4306: result: yes
configure:4314: checking for off_t
configure:4314: gcc -c -g -O2  conftest.c >&5
configure:4314: $? = 0
configure:4314: gcc -c -g -O2  conftest.c >&5
conftest.c:59:20: error: expected expression
if (sizeof ((off_t)))
                   ^
1 error generated.
configure:4314: $? = 1
configure: failed program was:
| /* confdefs.h */
| #define PACKAGE_NAME "libdecnumber"
| #define PACKAGE_TARNAME "libdecnumber"
| #define PACKAGE_VERSION " "
| #define PACKAGE_STRING "libdecnumber  "
| #define PACKAGE_BUGREPORT "gcc-bugs@gcc.gnu.org"
| #define PACKAGE_URL ""
| #define STDC_HEADERS 1
| #define HAVE_SYS_TYPES_H 1
| #define HAVE_SYS_STAT_H 1
| #define HAVE_STDLIB_H 1
| #define HAVE_STRING_H 1
| #define HAVE_MEMORY_H 1
| #define HAVE_STRINGS_H 1
| #define HAVE_INTTYPES_H 1
| #define HAVE_STDINT_H 1
| #define HAVE_UNISTD_H 1
| #define HAVE_CTYPE_H 1
| #define HAVE_STDDEF_H 1
| #define HAVE_STRING_H 1
| #define HAVE_STDIO_H 1
| /* end confdefs.h.  */
| #include <stdio.h>
| #ifdef HAVE_SYS_TYPES_H
| # include <sys/types.h>
| #endif
| #ifdef HAVE_SYS_STAT_H
| # include <sys/stat.h>
| #endif
| #ifdef STDC_HEADERS
| # include <stdlib.h>
| # include <stddef.h>
| #else
| # ifdef HAVE_STDLIB_H
| #  include <stdlib.h>
| # endif
| #endif
| #ifdef HAVE_STRING_H
| # if !defined STDC_HEADERS && defined HAVE_MEMORY_H
| #  include <memory.h>
| # endif
| # include <string.h>
| #endif
| #ifdef HAVE_STRINGS_H
| # include <strings.h>
| #endif
| #ifdef HAVE_INTTYPES_H
| # include <inttypes.h>
| #endif
| #ifdef HAVE_STDINT_H
| # include <stdint.h>
| #endif
| #ifdef HAVE_UNISTD_H
| # include <unistd.h>
| #endif
| int
| main ()
| {
| if (sizeof ((off_t)))
| 	    return 0;
|   ;
|   return 0;
| }
configure:4314: result: yes
configure:4329: checking size of int
configure:4334: gcc -o conftest -g -O2     conftest.c  >&5
configure:4334: $? = 0
configure:4334: ./conftest
configure:4334: $? = 0
configure:4349: result: 4
configure:4363: checking size of long
configure:4368: gcc -o conftest -g -O2     conftest.c  >&5
configure:4368: $? = 0
configure:4368: ./conftest
configure:4368: $? = 0
configure:4383: result: 8
configure:4395: checking for ANSI C header files
configure:4499: result: yes
configure:4527: checking build system type
configure:4541: result: arm-apple-darwin21.4.0
configure:4561: checking host system type
configure:4574: result: arm-apple-darwin21.4.0
configure:4594: checking target system type
configure:4607: result: arm-apple-darwin21.4.0
configure:4636: checking for decimal floating point
configure:4659: WARNING: decimal float is not supported for this target, ignored
configure:4701: result: dpd
configure:4706: checking whether byte ordering is bigendian
configure:4721: gcc -c -g -O2  conftest.c >&5
configure:4721: $? = 0
configure:4766: gcc -c -g -O2  conftest.c >&5
configure:4766: $? = 0
configure:4784: gcc -c -g -O2  conftest.c >&5
conftest.c:33:4: error: use of undeclared identifier 'not'
                 not big endian
                 ^
1 error generated.
configure:4784: $? = 1
configure: failed program was:
| /* confdefs.h */
| #define PACKAGE_NAME "libdecnumber"
| #define PACKAGE_TARNAME "libdecnumber"
| #define PACKAGE_VERSION " "
| #define PACKAGE_STRING "libdecnumber  "
| #define PACKAGE_BUGREPORT "gcc-bugs@gcc.gnu.org"
| #define PACKAGE_URL ""
| #define STDC_HEADERS 1
| #define HAVE_SYS_TYPES_H 1
| #define HAVE_SYS_STAT_H 1
| #define HAVE_STDLIB_H 1
| #define HAVE_STRING_H 1
| #define HAVE_MEMORY_H 1
| #define HAVE_STRINGS_H 1
| #define HAVE_INTTYPES_H 1
| #define HAVE_STDINT_H 1
| #define HAVE_UNISTD_H 1
| #define HAVE_CTYPE_H 1
| #define HAVE_STDDEF_H 1
| #define HAVE_STRING_H 1
| #define HAVE_STDIO_H 1
| #define SIZEOF_INT 4
| #define SIZEOF_LONG 8
| #define STDC_HEADERS 1
| /* end confdefs.h.  */
| #include <sys/types.h>
| 		#include <sys/param.h>
| 
| int
| main ()
| {
| #if BYTE_ORDER != BIG_ENDIAN
| 		 not big endian
| 		#endif
| 
|   ;
|   return 0;
| }
configure:4912: result: no
configure:5012: updating cache ./config.cache
configure:5050: creating ./config.status

## ---------------------- ##
## Running config.status. ##
## ---------------------- ##

This file was extended by libdecnumber config.status  , which was
generated by GNU Autoconf 2.64.  Invocation command line was

  CONFIG_FILES    = 
  CONFIG_HEADERS  = 
  CONFIG_LINKS    = 
  CONFIG_COMMANDS = 
  $ ./config.status 

on Elisas-MacBook-Pro.local

config.status:855: creating Makefile
config.status:855: creating config.h
config.status:1030: executing gstdint.h commands

## ---------------- ##
## Cache variables. ##
## ---------------- ##

ac_cv_build=arm-apple-darwin21.4.0
ac_cv_c_bigendian=no
ac_cv_c_compiler_gnu=yes
ac_cv_c_const=yes
ac_cv_env_CC_set=set
ac_cv_env_CC_value=gcc
ac_cv_env_CFLAGS_set=set
ac_cv_env_CFLAGS_value='-g -O2'
ac_cv_env_CPPFLAGS_set=
ac_cv_env_CPPFLAGS_value=
ac_cv_env_CPP_set=
ac_cv_env_CPP_value=
ac_cv_env_LDFLAGS_set=set
ac_cv_env_LDFLAGS_value='  '
ac_cv_env_LIBS_set=
ac_cv_env_LIBS_value=
ac_cv_env_build_alias_set=set
ac_cv_env_build_alias_value=arm-apple-darwin21.4.0
ac_cv_env_host_alias_set=set
ac_cv_env_host_alias_value=arm-apple-darwin21.4.0
ac_cv_env_target_alias_set=set
ac_cv_env_target_alias_value=arm-apple-darwin21.4.0
ac_cv_header_ctype_h=yes
ac_cv_header_inttypes_h=yes
ac_cv_header_memory_h=yes
ac_cv_header_stdc=yes
ac_cv_header_stddef_h=yes
ac_cv_header_stdint_h=yes
ac_cv_header_stdio_h=yes
ac_cv_header_stdlib_h=yes
ac_cv_header_string_h=yes
ac_cv_header_strings_h=yes
ac_cv_header_sys_stat_h=yes
ac_cv_header_sys_types_h=yes
ac_cv_header_unistd_h=yes
ac_cv_host=arm-apple-darwin21.4.0
ac_cv_objext=o
ac_cv_path_EGREP='/usr/bin/grep -E'
ac_cv_path_GREP=/usr/bin/grep
ac_cv_prog_CC=gcc
ac_cv_prog_CPP='gcc -E'
ac_cv_prog_RANLIB=ranlib
ac_cv_prog_cc_c89=
ac_cv_prog_cc_g=yes
ac_cv_prog_make__Library_Developer_CommandLineTools_usr_bin_make_set=yes
ac_cv_sizeof_int=4
ac_cv_sizeof_long=8
ac_cv_target=arm-apple-darwin21.4.0
ac_cv_type_int_fast32_t=yes
ac_cv_type_int_least32_t=yes
ac_cv_type_off_t=yes
ac_cv_type_u_int64_t=no
ac_cv_type_uint64_t=yes
ac_cv_type_uintmax_t=yes
ac_cv_type_uintptr_t=yes
acx_cv_header_stdint=stdint.h
acx_cv_header_stdint_kind='(already complete)'
acx_cv_prog_cc_pedantic__Wlong_long=yes
acx_cv_prog_cc_warning__W=yes
acx_cv_prog_cc_warning__Wall=yes
acx_cv_prog_cc_warning__Wcast_qual=yes
acx_cv_prog_cc_warning__Wmissing_format_attribute=yes
acx_cv_prog_cc_warning__Wmissing_prototypes=yes
acx_cv_prog_cc_warning__Wold_style_definition=yes
acx_cv_prog_cc_warning__Wstrict_prototypes=yes
acx_cv_prog_cc_warning__Wwrite_strings=yes

## ----------------- ##
## Output variables. ##
## ----------------- ##

ACLOCAL='/Users/queenellie/Documents/Fall2022/CS225/finalProj/gdb-7.11/missing aclocal'
ADDITIONAL_OBJS=''
AUTOCONF='/Users/queenellie/Documents/Fall2022/CS225/finalProj/gdb-7.11/missing autoconf'
AUTOHEADER='/Users/queenellie/Documents/Fall2022/CS225/finalProj/gdb-7.11/missing autoheader'
CC='gcc'
CFLAGS='-g -O2'
CPP='gcc -E'
CPPFLAGS=''
DEFS='-DHAVE_CONFIG_H'
ECHO_C='\c'
ECHO_N=''
ECHO_T=''
EGREP='/usr/bin/grep -E'
EXEEXT=''
GREP='/usr/bin/grep'
LDFLAGS='  '
LIBOBJS=''
LIBS=''
LTLIBOBJS=''
MAINT='#'
OBJEXT='o'
PACKAGE_BUGREPORT='gcc-bugs@gcc.gnu.org'
PACKAGE_NAME='libdecnumber'
PACKAGE_STRING='libdecnumber  '
PACKAGE_TARNAME='libdecnumber'
PACKAGE_URL=''
PACKAGE_VERSION=' '
PATH_SEPARATOR=':'
PICFLAG=''
RANLIB='ranlib'
SET_MAKE=''
SHELL='/bin/sh'
WARN_CFLAGS='-W -Wall -Wwrite-strings -Wstrict-prototypes -Wmissing-prototypes -Wold-style-definition -Wmissing-format-attribute -Wcast-qual'
WARN_PEDANTIC='-pedantic -Wno-long-long'
WERROR=''
ac_ct_CC=''
bindir='${exec_prefix}/bin'
build='arm-apple-darwin21.4.0'
build_alias='arm-apple-darwin21.4.0'
build_cpu='arm'
build_os='darwin21.4.0'
build_vendor='apple'
datadir='${datarootdir}'
datarootdir='${prefix}/share'
docdir='${datarootdir}/doc/${PACKAGE_TARNAME}'
dvidir='${docdir}'
enable_decimal_float='dpd'
exec_prefix='${prefix}'
host='arm-apple-darwin21.4.0'
host_alias='arm-apple-darwin21.4.0'
host_cpu='arm'
host_os='darwin21.4.0'
host_vendor='apple'
htmldir='${docdir}'
includedir='${prefix}/include'
infodir='${datarootdir}/info'
libdir='${exec_prefix}/lib'
libexecdir='${exec_prefix}/libexec'
localedir='${datarootdir}/locale'
localstatedir='${prefix}/var'
mandir='${datarootdir}/man'
oldincludedir='/usr/include'
pdfdir='${docdir}'
prefix='/usr/local'
program_transform_name='s,y,y,'
psdir='${docdir}'
sbindir='${exec_prefix}/sbin'
sharedstatedir='${prefix}/com'
sysconfdir='${prefix}/etc'
target='arm-apple-darwin21.4.0'
target_alias='arm-apple-darwin21.4.0'
target_cpu='arm'
target_os='darwin21.4.0'
target_vendor='apple'

## ----------- ##
## confdefs.h. ##
## ----------- ##

/* confdefs.h */
#define PACKAGE_NAME "libdecnumber"
#define PACKAGE_TARNAME "libdecnumber"
#define PACKAGE_VERSION " "
#define PACKAGE_STRING "libdecnumber  "
#define PACKAGE_BUGREPORT "gcc-bugs@gcc.gnu.org"
#define PACKAGE_URL ""
#define STDC_HEADERS 1
#define HAVE_SYS_TYPES_H 1
#define HAVE_SYS_STAT_H 1
#define HAVE_STDLIB_H 1
#define HAVE_STRING_H 1
#define HAVE_MEMORY_H 1
#define HAVE_STRINGS_H 1
#define HAVE_INTTYPES_H 1
#define HAVE_STDINT_H 1
#define HAVE_UNISTD_H 1
#define HAVE_CTYPE_H 1
#define HAVE_STDDEF_H 1
#define HAVE_STRING_H 1
#define HAVE_STDIO_H 1
#define SIZEOF_INT 4
#define SIZEOF_LONG 8
#define STDC_HEADERS 1

configure: exit 0
